<?xml version="1.0" encoding="UTF-8"?>
<testsuites name="Mocha Tests" time="8.548" tests="5" failures="0">
  <testsuite name="Root Suite" timestamp="2024-09-30T19:29:44" tests="0" file="cypress\e2e\2-advanced-examples\misc.cy.js" time="0.000" failures="0">
  </testsuite>
  <testsuite name="Misc" timestamp="2024-09-30T19:29:44" tests="3" time="0.000" failures="0">
    <testcase name="Misc cy.exec() - execute a system command" time="1.987" classname="cy.exec() - execute a system command">
    </testcase>
    <testcase name="Misc cy.focused() - get the DOM element that has focus" time="0.913" classname="cy.focused() - get the DOM element that has focus">
    </testcase>
    <testcase name="Misc cy.wrap() - wrap an object" time="0.330" classname="cy.wrap() - wrap an object">
    </testcase>
  </testsuite>
  <testsuite name="Cypress.Screenshot" timestamp="2024-09-30T19:29:49" tests="2" time="3.132" failures="0">
    <testcase name="Misc Cypress.Screenshot cy.screenshot() - take a screenshot" time="2.760" classname="cy.screenshot() - take a screenshot">
    </testcase>
    <testcase name="Misc Cypress.Screenshot Cypress.Screenshot.defaults() - change default config of screenshots" time="0.266" classname="Cypress.Screenshot.defaults() - change default config of screenshots">
    </testcase>
  </testsuite>
</testsuites>